<?xml version="1.0" encoding="UTF-8"?>
<testsuite xmlns:xsi="http://www.w3.org/2001/XMLSchema-instance" xsi:noNamespaceSchemaLocation="https://maven.apache.org/surefire/maven-surefire-plugin/xsd/surefire-test-report.xsd" name="com.liujin.HouseApplicationTests" time="5.872" tests="4" errors="0" skipped="0" failures="0">
  <properties>
[...]
</properties>
  <testcase name="test01" classname="com.liujin.HouseApplicationTests" time="0.809"/>
  <testcase name="test02" classname="com.liujin.HouseApplicationTests" time="0.028"/>
  <testcase name="test03" classname="com.liujin.HouseApplicationTests" time="0.031"/>
  <testcase name="contextLoads" classname="com.liujin.HouseApplicationTests" time="0"/>
</testsuite>